<?xml version="1.0" encoding="UTF-8"?>
<testng-results ignored="0" total="1" passed="1" failed="0" skipped="0">
  <reporter-output>
  </reporter-output>
  <suite started-at="2019-08-07T07:11:33Z" name="Default suite" finished-at="2019-08-07T07:11:34Z" duration-ms="1890">
    <groups>
    </groups>
    <test started-at="2019-08-07T07:11:33Z" name="Default test" finished-at="2019-08-07T07:11:34Z" duration-ms="1890">
      <class name="com.qa.test.GetAPITest">
        <test-method is-config="true" signature="setUp()[pri:0, instance:com.qa.test.GetAPITest@7a8c8dcf]" started-at="2019-08-07T07:11:33Z" name="setUp" finished-at="2019-08-07T07:11:33Z" duration-ms="6" status="PASS">
          <reporter-output>
          </reporter-output>
        </test-method> <!-- setUp -->
        <test-method signature="getAPITest()[pri:0, instance:com.qa.test.GetAPITest@7a8c8dcf]" started-at="2019-08-07T07:11:33Z" name="getAPITest" finished-at="2019-08-07T07:11:34Z" duration-ms="1847" status="PASS">
          <reporter-output>
          </reporter-output>
        </test-method> <!-- getAPITest -->
      </class> <!-- com.qa.test.GetAPITest -->
    </test> <!-- Default test -->
  </suite> <!-- Default suite -->
</testng-results>
